Determining compilation order of HDL files.
INFO: [VRFC 10-2263] Analyzing Verilog file "C:/Users/kanna/Downloads/final_2/final_2.srcs/sources_1/imports/AES-128/Look_Up_Table/Sbox.v" into library xil_defaultlib
INFO: [VRFC 10-311] analyzing module Sbox
INFO: [VRFC 10-2263] Analyzing Verilog file "C:/Users/kanna/Downloads/final_2/final_2.srcs/sources_1/imports/new/inverseSbox.v" into library xil_defaultlib
INFO: [VRFC 10-311] analyzing module inverseSbox
INFO: [VRFC 10-2263] Analyzing Verilog file "C:/Users/kanna/Downloads/final_2/final_2.srcs/sources_1/imports/AES-128/Look_Up_Table/lut3.v" into library xil_defaultlib
INFO: [VRFC 10-311] analyzing module lut3
INFO: [VRFC 10-2263] Analyzing Verilog file "C:/Users/kanna/Downloads/final_2/final_2.srcs/sources_1/imports/AES-128/Look_Up_Table/lut2.v" into library xil_defaultlib
INFO: [VRFC 10-311] analyzing module lut2
INFO: [VRFC 10-2263] Analyzing Verilog file "C:/Users/kanna/Downloads/final_2/final_2.srcs/sources_1/imports/AES-128/AES_Encryption/Sub_Key.v" into library xil_defaultlib
INFO: [VRFC 10-311] analyzing module Sub_Key
INFO: [VRFC 10-2263] Analyzing Verilog file "C:/Users/kanna/Downloads/final_2/final_2.srcs/sources_1/imports/new/inv_Sub_bytes.v" into library xil_defaultlib
INFO: [VRFC 10-311] analyzing module inv_Sub_bytes
INFO: [VRFC 10-2263] Analyzing Verilog file "C:/Users/kanna/Downloads/final_2/final_2.srcs/sources_1/imports/new/inv_Shift_rows.v" into library xil_defaultlib
INFO: [VRFC 10-311] analyzing module inv_Shift_rows
INFO: [VRFC 10-2263] Analyzing Verilog file "C:/Users/kanna/Downloads/final_2/final_2.srcs/sources_1/imports/new/inv_Mix_Column.v" into library xil_defaultlib
INFO: [VRFC 10-311] analyzing module inv_Mix_Column
INFO: [VRFC 10-2263] Analyzing Verilog file "C:/Users/kanna/Downloads/final_2/final_2.srcs/sources_1/imports/new/inv_Sub_Key.v" into library xil_defaultlib
INFO: [VRFC 10-311] analyzing module inv_Sub_Key
INFO: [VRFC 10-2263] Analyzing Verilog file "C:/Users/kanna/Downloads/final_2/final_2.srcs/sources_1/imports/AES-128/AES_Encryption/Round_reg.v" into library xil_defaultlib
INFO: [VRFC 10-311] analyzing module Round_reg
INFO: [VRFC 10-2263] Analyzing Verilog file "C:/Users/kanna/Downloads/final_2/final_2.srcs/sources_1/imports/AES-128/AES_Encryption/MUX2_1.v" into library xil_defaultlib
INFO: [VRFC 10-311] analyzing module MUX2_1
INFO: [VRFC 10-2263] Analyzing Verilog file "C:/Users/kanna/Downloads/final_2/final_2.srcs/sources_1/imports/AES-128/AES_Encryption/mux.v" into library xil_defaultlib
INFO: [VRFC 10-311] analyzing module mux
INFO: [VRFC 10-2263] Analyzing Verilog file "C:/Users/kanna/Downloads/final_2/final_2.srcs/sources_1/imports/AES-128/AES_Encryption/Key.v" into library xil_defaultlib
INFO: [VRFC 10-311] analyzing module Key
INFO: [VRFC 10-2263] Analyzing Verilog file "C:/Users/kanna/Downloads/final_2/final_2.srcs/sources_1/imports/AES-128/AES_Encryption/DFF_128.v" into library xil_defaultlib
INFO: [VRFC 10-311] analyzing module DFF_128
INFO: [VRFC 10-2263] Analyzing Verilog file "C:/Users/kanna/Downloads/final_2/final_2.srcs/sources_1/imports/AES-128/AES_Encryption/Sub_Bytes.v" into library xil_defaultlib
INFO: [VRFC 10-311] analyzing module Sub_Bytes
INFO: [VRFC 10-2263] Analyzing Verilog file "C:/Users/kanna/Downloads/final_2/final_2.srcs/sources_1/imports/AES-128/AES_Encryption/Shift_Rows.v" into library xil_defaultlib
INFO: [VRFC 10-311] analyzing module Shift_Rows
INFO: [VRFC 10-2263] Analyzing Verilog file "C:/Users/kanna/Downloads/final_2/final_2.srcs/sources_1/imports/AES-128/AES_Encryption/Mix_Column.v" into library xil_defaultlib
INFO: [VRFC 10-311] analyzing module Mix_Column
INFO: [VRFC 10-2263] Analyzing Verilog file "C:/Users/kanna/Downloads/final_2/final_2.srcs/sources_1/new/AES_Decryption.v" into library xil_defaultlib
INFO: [VRFC 10-311] analyzing module AES_Decryption
INFO: [VRFC 10-2263] Analyzing Verilog file "C:/Users/kanna/Downloads/final_2/final_2.srcs/sources_1/imports/AES-128/AES_Encryption/AES_Encryption.v" into library xil_defaultlib
INFO: [VRFC 10-311] analyzing module AES_Encryption
INFO: [VRFC 10-2263] Analyzing Verilog file "C:/Users/kanna/Downloads/final_2/final_2.srcs/sources_1/imports/AES-128/Test_bench/AES_tb.v" into library xil_defaultlib
INFO: [VRFC 10-311] analyzing module AES_test
INFO: [VRFC 10-2263] Analyzing Verilog file "C:/Users/kanna/Downloads/final_2/final_2.sim/sim_1/behav/glbl.v" into library xil_defaultlib
INFO: [VRFC 10-311] analyzing module glbl
